<?xml version="1.0" encoding="UTF-8"?>

<mule xmlns:ee="http://www.mulesoft.org/schema/mule/ee/core" xmlns:http="http://www.mulesoft.org/schema/mule/http"
	xmlns="http://www.mulesoft.org/schema/mule/core"
	xmlns:doc="http://www.mulesoft.org/schema/mule/documentation" xmlns:xsi="http://www.w3.org/2001/XMLSchema-instance" xsi:schemaLocation="http://www.mulesoft.org/schema/mule/core http://www.mulesoft.org/schema/mule/core/current/mule.xsd
http://www.mulesoft.org/schema/mule/http http://www.mulesoft.org/schema/mule/http/current/mule-http.xsd
http://www.mulesoft.org/schema/mule/ee/core http://www.mulesoft.org/schema/mule/ee/core/current/mule-ee.xsd">
	<http:listener-config name="HTTP_Listener_config" doc:name="HTTP Listener config" doc:id="8220d74a-9a76-43b7-ae0b-0b5095c7dda6" >
		<http:listener-connection host="0.0.0.0" port="8081" />
	</http:listener-config>
	<flow name="test-cicdFlow" doc:id="f0c76f24-ae4f-4027-bee2-e444325e2d7f" >
		<http:listener doc:name="Listener" doc:id="eb0c90ae-9bfc-4447-8711-f07e6197cf63" config-ref="HTTP_Listener_config" path="/API/*"/>
		<ee:transform doc:name="RESPONSE" doc:id="3260a98c-335d-40a2-838f-27e8c592dd5e">
			<ee:message>
				<ee:set-payload><![CDATA[%dw 2.0
output application/json
---
{
	Response: "OK"
}]]></ee:set-payload>
			</ee:message>
		</ee:transform>
	</flow>
</mule>
